<?xml version="1.0" encoding="UTF-8"?>
<testsuite name="caller.CharacterCallerTest" tests="1" skipped="0" failures="0" errors="0" timestamp="2022-05-02T18:15:45" hostname="KRAMLSCOMPUTER" time="1.063">
  <properties/>
  <testcase name="testSearch()" classname="caller.CharacterCallerTest" time="1.063"/>
  <system-out><![CDATA[[]
]]></system-out>
  <system-err><![CDATA[]]></system-err>
</testsuite>
