<?xml version="1.0" encoding="UTF-8"?>
<testsuite name="caller.AnimeCallerTest" tests="1" skipped="0" failures="0" errors="0" timestamp="2021-12-08T19:01:16" hostname="DESKTOP-RDK6FPK" time="0.644">
  <properties/>
  <testcase name="getVideos()" classname="caller.AnimeCallerTest" time="0.644"/>
  <system-out><![CDATA[]]></system-out>
  <system-err><![CDATA[]]></system-err>
</testsuite>
